[0m07:58:13.281008 [debug] [MainThread]: Sending event: {'category': 'dbt', 'action': 'invocation', 'label': 'start', 'context': [<snowplow_tracker.self_describing_json.SelfDescribingJson object at 0x1067c1790>, <snowplow_tracker.self_describing_json.SelfDescribingJson object at 0x1067ed710>, <snowplow_tracker.self_describing_json.SelfDescribingJson object at 0x1067ee350>]}


============================== 07:58:13.283674 | 63bd24f3-e2df-4888-9d4a-512602b01907 ==============================
[0m07:58:13.283674 [info ] [MainThread]: Running with dbt=1.8.6
[0m07:58:13.283953 [debug] [MainThread]: running dbt with arguments {'printer_width': '80', 'indirect_selection': 'eager', 'log_cache_events': 'False', 'write_json': 'True', 'partial_parse': 'True', 'cache_selected_only': 'False', 'warn_error': 'None', 'debug': 'False', 'version_check': 'True', 'log_path': 'logs', 'profiles_dir': '/Users/jeremymeadow/.dbt', 'fail_fast': 'False', 'use_colors': 'True', 'use_experimental_parser': 'False', 'no_print': 'None', 'quiet': 'False', 'empty': 'None', 'log_format': 'default', 'invocation_command': 'dbt init western-verve-411004', 'warn_error_options': 'WarnErrorOptions(include=[], exclude=[])', 'introspect': 'True', 'target_path': 'None', 'static_parser': 'True', 'send_anonymous_usage_stats': 'True'}
[0m08:00:21.577280 [debug] [MainThread]: Starter project path: /Users/jeremymeadow/DreamsData/.venv/lib/python3.11/site-packages/dbt/include/starter_project
[0m08:00:21.591059 [info ] [MainThread]: 
Your new dbt project "dreamsdata" was created!

For more information on how to configure the profiles.yml file,
please consult the dbt documentation here:

  https://docs.getdbt.com/docs/configure-your-profile

One more thing:

Need help? Don't hesitate to reach out to us via GitHub issues or on Slack:

  https://community.getdbt.com/

Happy modeling!

[0m08:00:21.591529 [info ] [MainThread]: Setting up your profile.
[0m08:00:52.489697 [error] [MainThread]: Encountered an error:

[0m08:00:52.493960 [error] [MainThread]: Traceback (most recent call last):
  File "/Users/jeremymeadow/DreamsData/.venv/lib/python3.11/site-packages/dbt/cli/requires.py", line 138, in wrapper
    result, success = func(*args, **kwargs)
                      ^^^^^^^^^^^^^^^^^^^^^
  File "/Users/jeremymeadow/DreamsData/.venv/lib/python3.11/site-packages/dbt/cli/requires.py", line 101, in wrapper
    return func(*args, **kwargs)
           ^^^^^^^^^^^^^^^^^^^^^
  File "/Users/jeremymeadow/DreamsData/.venv/lib/python3.11/site-packages/dbt/cli/main.py", line 470, in init
    results = task.run()
              ^^^^^^^^^^
  File "/Users/jeremymeadow/DreamsData/.venv/lib/python3.11/site-packages/dbt/task/init.py", line 347, in run
    self.setup_profile(profile_name)
  File "/Users/jeremymeadow/DreamsData/.venv/lib/python3.11/site-packages/dbt/task/init.py", line 263, in setup_profile
    self.create_profile_from_target(adapter, profile_name=profile_name)
  File "/Users/jeremymeadow/DreamsData/.venv/lib/python3.11/site-packages/dbt/task/init.py", line 180, in create_profile_from_target
    self.create_profile_from_profile_template(profile_template, profile_name)
  File "/Users/jeremymeadow/DreamsData/.venv/lib/python3.11/site-packages/dbt/task/init.py", line 164, in create_profile_from_profile_template
    target = self.generate_target_from_input(prompts, initial_target)
             ^^^^^^^^^^^^^^^^^^^^^^^^^^^^^^^^^^^^^^^^^^^^^^^^^^^^^^^^
  File "/Users/jeremymeadow/DreamsData/.venv/lib/python3.11/site-packages/dbt/task/init.py", line 130, in generate_target_from_input
    target[key] = click.prompt(
                  ^^^^^^^^^^^^^
  File "/Users/jeremymeadow/DreamsData/.venv/lib/python3.11/site-packages/click/termui.py", line 164, in prompt
    value = prompt_func(prompt)
            ^^^^^^^^^^^^^^^^^^^
  File "/Users/jeremymeadow/DreamsData/.venv/lib/python3.11/site-packages/click/termui.py", line 147, in prompt_func
    raise Abort() from None
click.exceptions.Abort

[0m08:00:52.494637 [debug] [MainThread]: Resource report: {"command_name": "init", "command_wall_clock_time": 159.24306, "process_user_time": 0.890107, "process_kernel_time": 0.22883, "process_mem_max_rss": "204865536", "command_success": false, "process_in_blocks": "0", "process_out_blocks": "0"}
[0m08:00:52.495131 [debug] [MainThread]: Command `dbt init` failed at 08:00:52.495034 after 159.24 seconds
[0m08:00:52.495465 [debug] [MainThread]: Sending event: {'category': 'dbt', 'action': 'invocation', 'label': 'end', 'context': [<snowplow_tracker.self_describing_json.SelfDescribingJson object at 0x1067edd10>, <snowplow_tracker.self_describing_json.SelfDescribingJson object at 0x123cae4d0>, <snowplow_tracker.self_describing_json.SelfDescribingJson object at 0x106783210>]}
[0m08:00:52.495806 [debug] [MainThread]: Flushing usage events
[0m08:01:03.914657 [debug] [MainThread]: Sending event: {'category': 'dbt', 'action': 'invocation', 'label': 'start', 'context': [<snowplow_tracker.self_describing_json.SelfDescribingJson object at 0x108ba1c90>, <snowplow_tracker.self_describing_json.SelfDescribingJson object at 0x108b92bd0>, <snowplow_tracker.self_describing_json.SelfDescribingJson object at 0x108bc1f10>]}


============================== 08:01:03.916966 | f9f6a8b6-49ce-4fd8-b8fe-9a33b66d4833 ==============================
[0m08:01:03.916966 [info ] [MainThread]: Running with dbt=1.8.6
[0m08:01:03.917236 [debug] [MainThread]: running dbt with arguments {'printer_width': '80', 'indirect_selection': 'eager', 'log_cache_events': 'False', 'write_json': 'True', 'partial_parse': 'True', 'cache_selected_only': 'False', 'profiles_dir': '/Users/jeremymeadow/.dbt', 'version_check': 'True', 'warn_error': 'None', 'log_path': 'logs', 'fail_fast': 'False', 'debug': 'False', 'use_colors': 'True', 'use_experimental_parser': 'False', 'empty': 'None', 'quiet': 'False', 'no_print': 'None', 'warn_error_options': 'WarnErrorOptions(include=[], exclude=[])', 'static_parser': 'True', 'introspect': 'True', 'log_format': 'default', 'target_path': 'None', 'invocation_command': 'dbt init dreamsdata', 'send_anonymous_usage_stats': 'True'}
[0m08:01:03.924398 [info ] [MainThread]: A project called dreamsdata already exists here.
[0m08:01:03.925240 [debug] [MainThread]: Resource report: {"command_name": "init", "command_success": true, "command_wall_clock_time": 0.037049625, "process_user_time": 0.511401, "process_kernel_time": 0.078334, "process_mem_max_rss": "98238464", "process_in_blocks": "0", "process_out_blocks": "0"}
[0m08:01:03.926145 [debug] [MainThread]: Command `dbt init` succeeded at 08:01:03.926096 after 0.04 seconds
[0m08:01:03.926301 [debug] [MainThread]: Sending event: {'category': 'dbt', 'action': 'invocation', 'label': 'end', 'context': [<snowplow_tracker.self_describing_json.SelfDescribingJson object at 0x104c9e450>, <snowplow_tracker.self_describing_json.SelfDescribingJson object at 0x104e2ad90>, <snowplow_tracker.self_describing_json.SelfDescribingJson object at 0x104da9e10>]}
[0m08:01:03.926454 [debug] [MainThread]: Flushing usage events
[0m08:01:09.174878 [debug] [MainThread]: Error sending anonymous usage statistics. Disabling tracking for this execution. If you wish to permanently disable tracking, see: https://docs.getdbt.com/reference/global-configs#send-anonymous-usage-stats.
[0m08:01:31.849620 [debug] [MainThread]: Sending event: {'category': 'dbt', 'action': 'invocation', 'label': 'start', 'context': [<snowplow_tracker.self_describing_json.SelfDescribingJson object at 0x106ebde50>, <snowplow_tracker.self_describing_json.SelfDescribingJson object at 0x106ef19d0>, <snowplow_tracker.self_describing_json.SelfDescribingJson object at 0x106ef2490>]}


============================== 08:01:31.851952 | 1c31da33-de56-439c-8574-8f4751cb9dc2 ==============================
[0m08:01:31.851952 [info ] [MainThread]: Running with dbt=1.8.6
[0m08:01:31.852223 [debug] [MainThread]: running dbt with arguments {'printer_width': '80', 'indirect_selection': 'eager', 'write_json': 'True', 'log_cache_events': 'False', 'partial_parse': 'True', 'cache_selected_only': 'False', 'warn_error': 'None', 'fail_fast': 'False', 'profiles_dir': '/Users/jeremymeadow/.dbt', 'log_path': 'logs', 'debug': 'False', 'version_check': 'True', 'use_colors': 'True', 'use_experimental_parser': 'False', 'no_print': 'None', 'quiet': 'False', 'empty': 'None', 'warn_error_options': 'WarnErrorOptions(include=[], exclude=[])', 'invocation_command': 'dbt debug', 'log_format': 'default', 'static_parser': 'True', 'target_path': 'None', 'introspect': 'True', 'send_anonymous_usage_stats': 'True'}
[0m08:01:31.860145 [info ] [MainThread]: dbt version: 1.8.6
[0m08:01:31.860353 [info ] [MainThread]: python version: 3.11.9
[0m08:01:31.860502 [info ] [MainThread]: python path: /Users/jeremymeadow/DreamsData/.venv/bin/python
[0m08:01:31.860630 [info ] [MainThread]: os info: macOS-14.5-arm64-arm-64bit
[0m08:01:32.491753 [info ] [MainThread]: Using profiles dir at /Users/jeremymeadow/.dbt
[0m08:01:32.492009 [info ] [MainThread]: Using profiles.yml file at /Users/jeremymeadow/.dbt/profiles.yml
[0m08:01:32.492151 [info ] [MainThread]: Using dbt_project.yml file at /Users/jeremymeadow/DreamsData/GitHub/etl-pipelines/dbt_project.yml
[0m08:01:32.492288 [info ] [MainThread]: adapter type: bigquery
[0m08:01:32.492402 [info ] [MainThread]: adapter version: 1.8.2
[0m08:01:32.492529 [info ] [MainThread]: Configuration:
[0m08:01:32.492645 [info ] [MainThread]:   profiles.yml file [[32mOK found and valid[0m]
[0m08:01:32.492762 [info ] [MainThread]:   dbt_project.yml file [[31mERROR not found[0m]
[0m08:01:32.492880 [info ] [MainThread]: Required dependencies:
[0m08:01:32.493037 [debug] [MainThread]: Executing "git --help"
[0m08:01:32.509864 [debug] [MainThread]: STDOUT: "b"usage: git [-v | --version] [-h | --help] [-C <path>] [-c <name>=<value>]\n           [--exec-path[=<path>]] [--html-path] [--man-path] [--info-path]\n           [-p | --paginate | -P | --no-pager] [--no-replace-objects] [--bare]\n           [--git-dir=<path>] [--work-tree=<path>] [--namespace=<name>]\n           [--super-prefix=<path>] [--config-env=<name>=<envvar>]\n           <command> [<args>]\n\nThese are common Git commands used in various situations:\n\nstart a working area (see also: git help tutorial)\n   clone     Clone a repository into a new directory\n   init      Create an empty Git repository or reinitialize an existing one\n\nwork on the current change (see also: git help everyday)\n   add       Add file contents to the index\n   mv        Move or rename a file, a directory, or a symlink\n   restore   Restore working tree files\n   rm        Remove files from the working tree and from the index\n\nexamine the history and state (see also: git help revisions)\n   bisect    Use binary search to find the commit that introduced a bug\n   diff      Show changes between commits, commit and working tree, etc\n   grep      Print lines matching a pattern\n   log       Show commit logs\n   show      Show various types of objects\n   status    Show the working tree status\n\ngrow, mark and tweak your common history\n   branch    List, create, or delete branches\n   commit    Record changes to the repository\n   merge     Join two or more development histories together\n   rebase    Reapply commits on top of another base tip\n   reset     Reset current HEAD to the specified state\n   switch    Switch branches\n   tag       Create, list, delete or verify a tag object signed with GPG\n\ncollaborate (see also: git help workflows)\n   fetch     Download objects and refs from another repository\n   pull      Fetch from and integrate with another repository or a local branch\n   push      Update remote refs along with associated objects\n\n'git help -a' and 'git help -g' list available subcommands and some\nconcept guides. See 'git help <command>' or 'git help <concept>'\nto read about a specific subcommand or concept.\nSee 'git help git' for an overview of the system.\n""
[0m08:01:32.510317 [debug] [MainThread]: STDERR: "b''"
[0m08:01:32.510497 [info ] [MainThread]:  - git [[32mOK found[0m]

[0m08:01:32.510649 [info ] [MainThread]: Connection:
[0m08:01:32.510822 [info ] [MainThread]:   method: oauth
[0m08:01:32.510937 [info ] [MainThread]:   database: western-verve-411004
[0m08:01:32.511062 [info ] [MainThread]:   execution_project: western-verve-411004
[0m08:01:32.511169 [info ] [MainThread]:   schema: core
[0m08:01:32.511276 [info ] [MainThread]:   location: None
[0m08:01:32.511382 [info ] [MainThread]:   priority: None
[0m08:01:32.511485 [info ] [MainThread]:   maximum_bytes_billed: None
[0m08:01:32.511592 [info ] [MainThread]:   impersonate_service_account: None
[0m08:01:32.511694 [info ] [MainThread]:   job_retry_deadline_seconds: None
[0m08:01:32.511794 [info ] [MainThread]:   job_retries: 1
[0m08:01:32.511904 [info ] [MainThread]:   job_creation_timeout_seconds: None
[0m08:01:32.512006 [info ] [MainThread]:   job_execution_timeout_seconds: None
[0m08:01:32.512110 [info ] [MainThread]:   timeout_seconds: None
[0m08:01:32.512212 [info ] [MainThread]:   client_id: None
[0m08:01:32.512317 [info ] [MainThread]:   token_uri: None
[0m08:01:32.512419 [info ] [MainThread]:   dataproc_region: None
[0m08:01:32.512521 [info ] [MainThread]:   dataproc_cluster_name: None
[0m08:01:32.512622 [info ] [MainThread]:   gcs_bucket: None
[0m08:01:32.512724 [info ] [MainThread]:   dataproc_batch: None
[0m08:01:32.513010 [info ] [MainThread]: Registered adapter: bigquery=1.8.2
[0m08:01:32.517347 [debug] [MainThread]: Acquiring new bigquery connection 'debug'
[0m08:01:32.518493 [debug] [MainThread]: Opening a new connection, currently in state init
[0m08:01:38.530424 [debug] [MainThread]: BigQuery adapter: Got an error when attempting to create a bigquery client: 'Runtime Error
  Failed to authenticate with supplied credentials
  error:
  Your default credentials were not found. To set up Application Default Credentials, see https://cloud.google.com/docs/authentication/external/set-up-adc for more information.'
[0m08:01:38.531847 [info ] [MainThread]:   Connection test: [[31mERROR[0m]

[0m08:01:38.532867 [info ] [MainThread]: [31m2 checks failed:[0m
[0m08:01:38.533517 [info ] [MainThread]: Project loading failed for the following reason:
 project path </Users/jeremymeadow/DreamsData/GitHub/etl-pipelines/dbt_project.yml> not found

[0m08:01:38.534154 [info ] [MainThread]: dbt was unable to connect to the specified database.
The database returned the following error:

  >Database Error
  Runtime Error
    Failed to authenticate with supplied credentials
    error:
    Your default credentials were not found. To set up Application Default Credentials, see https://cloud.google.com/docs/authentication/external/set-up-adc for more information.

Check your database credentials and try again. For more information, visit:
https://docs.getdbt.com/docs/configure-your-profile


[0m08:01:38.535351 [debug] [MainThread]: Resource report: {"command_name": "debug", "command_wall_clock_time": 6.711056, "process_user_time": 0.880613, "process_kernel_time": 0.170282, "process_mem_max_rss": "212418560", "command_success": false, "process_in_blocks": "0", "process_out_blocks": "0"}
[0m08:01:38.536541 [debug] [MainThread]: Command `dbt debug` failed at 08:01:38.536326 after 6.71 seconds
[0m08:01:38.537362 [debug] [MainThread]: Connection 'debug' was properly closed.
[0m08:01:38.537968 [debug] [MainThread]: Sending event: {'category': 'dbt', 'action': 'invocation', 'label': 'end', 'context': [<snowplow_tracker.self_describing_json.SelfDescribingJson object at 0x106e8c9d0>, <snowplow_tracker.self_describing_json.SelfDescribingJson object at 0x102ce6210>, <snowplow_tracker.self_describing_json.SelfDescribingJson object at 0x106ef1e10>]}
[0m08:01:38.538853 [debug] [MainThread]: Flushing usage events
[0m08:01:43.825745 [debug] [MainThread]: Error sending anonymous usage statistics. Disabling tracking for this execution. If you wish to permanently disable tracking, see: https://docs.getdbt.com/reference/global-configs#send-anonymous-usage-stats.
[0m08:02:08.686062 [debug] [MainThread]: Sending event: {'category': 'dbt', 'action': 'invocation', 'label': 'start', 'context': [<snowplow_tracker.self_describing_json.SelfDescribingJson object at 0x111946990>, <snowplow_tracker.self_describing_json.SelfDescribingJson object at 0x111982bd0>, <snowplow_tracker.self_describing_json.SelfDescribingJson object at 0x1119b2050>]}


============================== 08:02:08.688766 | 8871c3c5-6f9f-4515-ae8a-33a12ad8ad4d ==============================
[0m08:02:08.688766 [info ] [MainThread]: Running with dbt=1.8.6
[0m08:02:08.689061 [debug] [MainThread]: running dbt with arguments {'printer_width': '80', 'indirect_selection': 'eager', 'log_cache_events': 'False', 'write_json': 'True', 'partial_parse': 'True', 'cache_selected_only': 'False', 'warn_error': 'None', 'debug': 'False', 'version_check': 'True', 'log_path': 'logs', 'fail_fast': 'False', 'profiles_dir': '/Users/jeremymeadow/.dbt', 'use_colors': 'True', 'use_experimental_parser': 'False', 'empty': 'None', 'quiet': 'False', 'no_print': 'None', 'warn_error_options': 'WarnErrorOptions(include=[], exclude=[])', 'introspect': 'True', 'static_parser': 'True', 'log_format': 'default', 'target_path': 'None', 'invocation_command': 'dbt init dreamsdata', 'send_anonymous_usage_stats': 'True'}
[0m08:02:08.697304 [info ] [MainThread]: A project called dreamsdata already exists here.
[0m08:02:08.698112 [debug] [MainThread]: Resource report: {"command_name": "init", "command_success": true, "command_wall_clock_time": 0.039150544, "process_user_time": 0.499785, "process_kernel_time": 0.07776, "process_mem_max_rss": "96976896", "process_in_blocks": "0", "process_out_blocks": "0"}
[0m08:02:08.699017 [debug] [MainThread]: Command `dbt init` succeeded at 08:02:08.698967 after 0.04 seconds
[0m08:02:08.699175 [debug] [MainThread]: Sending event: {'category': 'dbt', 'action': 'invocation', 'label': 'end', 'context': [<snowplow_tracker.self_describing_json.SelfDescribingJson object at 0x111982150>, <snowplow_tracker.self_describing_json.SelfDescribingJson object at 0x10465e450>, <snowplow_tracker.self_describing_json.SelfDescribingJson object at 0x104a7ee50>]}
[0m08:02:08.699337 [debug] [MainThread]: Flushing usage events
[0m08:02:13.953759 [debug] [MainThread]: Error sending anonymous usage statistics. Disabling tracking for this execution. If you wish to permanently disable tracking, see: https://docs.getdbt.com/reference/global-configs#send-anonymous-usage-stats.
[0m08:02:19.485162 [debug] [MainThread]: Sending event: {'category': 'dbt', 'action': 'invocation', 'label': 'start', 'context': [<snowplow_tracker.self_describing_json.SelfDescribingJson object at 0x109695f50>, <snowplow_tracker.self_describing_json.SelfDescribingJson object at 0x109694d90>, <snowplow_tracker.self_describing_json.SelfDescribingJson object at 0x1096b6090>]}


============================== 08:02:19.486839 | 2750a1bd-6c6c-4e88-911e-c9db290b2158 ==============================
[0m08:02:19.486839 [info ] [MainThread]: Running with dbt=1.8.6
[0m08:02:19.487104 [debug] [MainThread]: running dbt with arguments {'printer_width': '80', 'indirect_selection': 'eager', 'log_cache_events': 'False', 'write_json': 'True', 'partial_parse': 'True', 'cache_selected_only': 'False', 'warn_error': 'None', 'version_check': 'True', 'debug': 'False', 'log_path': 'logs', 'profiles_dir': '/Users/jeremymeadow/.dbt', 'fail_fast': 'False', 'use_colors': 'True', 'use_experimental_parser': 'False', 'empty': 'None', 'quiet': 'False', 'no_print': 'None', 'warn_error_options': 'WarnErrorOptions(include=[], exclude=[])', 'introspect': 'True', 'log_format': 'default', 'invocation_command': 'dbt debug', 'target_path': 'None', 'static_parser': 'True', 'send_anonymous_usage_stats': 'True'}
[0m08:02:19.492029 [info ] [MainThread]: dbt version: 1.8.6
[0m08:02:19.492194 [info ] [MainThread]: python version: 3.11.9
[0m08:02:19.492365 [info ] [MainThread]: python path: /Users/jeremymeadow/DreamsData/.venv/bin/python
[0m08:02:19.492540 [info ] [MainThread]: os info: macOS-14.5-arm64-arm-64bit
[0m08:02:20.072117 [info ] [MainThread]: Using profiles dir at /Users/jeremymeadow/.dbt
[0m08:02:20.072384 [info ] [MainThread]: Using profiles.yml file at /Users/jeremymeadow/.dbt/profiles.yml
[0m08:02:20.072527 [info ] [MainThread]: Using dbt_project.yml file at /Users/jeremymeadow/DreamsData/GitHub/etl-pipelines/dbt_project.yml
[0m08:02:20.072667 [info ] [MainThread]: adapter type: bigquery
[0m08:02:20.072787 [info ] [MainThread]: adapter version: 1.8.2
[0m08:02:20.072906 [info ] [MainThread]: Configuration:
[0m08:02:20.073021 [info ] [MainThread]:   profiles.yml file [[32mOK found and valid[0m]
[0m08:02:20.073131 [info ] [MainThread]:   dbt_project.yml file [[31mERROR not found[0m]
[0m08:02:20.073245 [info ] [MainThread]: Required dependencies:
[0m08:02:20.073396 [debug] [MainThread]: Executing "git --help"
[0m08:02:20.083949 [debug] [MainThread]: STDOUT: "b"usage: git [-v | --version] [-h | --help] [-C <path>] [-c <name>=<value>]\n           [--exec-path[=<path>]] [--html-path] [--man-path] [--info-path]\n           [-p | --paginate | -P | --no-pager] [--no-replace-objects] [--bare]\n           [--git-dir=<path>] [--work-tree=<path>] [--namespace=<name>]\n           [--super-prefix=<path>] [--config-env=<name>=<envvar>]\n           <command> [<args>]\n\nThese are common Git commands used in various situations:\n\nstart a working area (see also: git help tutorial)\n   clone     Clone a repository into a new directory\n   init      Create an empty Git repository or reinitialize an existing one\n\nwork on the current change (see also: git help everyday)\n   add       Add file contents to the index\n   mv        Move or rename a file, a directory, or a symlink\n   restore   Restore working tree files\n   rm        Remove files from the working tree and from the index\n\nexamine the history and state (see also: git help revisions)\n   bisect    Use binary search to find the commit that introduced a bug\n   diff      Show changes between commits, commit and working tree, etc\n   grep      Print lines matching a pattern\n   log       Show commit logs\n   show      Show various types of objects\n   status    Show the working tree status\n\ngrow, mark and tweak your common history\n   branch    List, create, or delete branches\n   commit    Record changes to the repository\n   merge     Join two or more development histories together\n   rebase    Reapply commits on top of another base tip\n   reset     Reset current HEAD to the specified state\n   switch    Switch branches\n   tag       Create, list, delete or verify a tag object signed with GPG\n\ncollaborate (see also: git help workflows)\n   fetch     Download objects and refs from another repository\n   pull      Fetch from and integrate with another repository or a local branch\n   push      Update remote refs along with associated objects\n\n'git help -a' and 'git help -g' list available subcommands and some\nconcept guides. See 'git help <command>' or 'git help <concept>'\nto read about a specific subcommand or concept.\nSee 'git help git' for an overview of the system.\n""
[0m08:02:20.084416 [debug] [MainThread]: STDERR: "b''"
[0m08:02:20.084551 [info ] [MainThread]:  - git [[32mOK found[0m]

[0m08:02:20.084687 [info ] [MainThread]: Connection:
[0m08:02:20.084854 [info ] [MainThread]:   method: oauth
[0m08:02:20.084968 [info ] [MainThread]:   database: western-verve-411004
[0m08:02:20.085079 [info ] [MainThread]:   execution_project: western-verve-411004
[0m08:02:20.085190 [info ] [MainThread]:   schema: core
[0m08:02:20.085301 [info ] [MainThread]:   location: None
[0m08:02:20.085406 [info ] [MainThread]:   priority: None
[0m08:02:20.085514 [info ] [MainThread]:   maximum_bytes_billed: None
[0m08:02:20.085626 [info ] [MainThread]:   impersonate_service_account: None
[0m08:02:20.085730 [info ] [MainThread]:   job_retry_deadline_seconds: None
[0m08:02:20.085839 [info ] [MainThread]:   job_retries: 1
[0m08:02:20.085944 [info ] [MainThread]:   job_creation_timeout_seconds: None
[0m08:02:20.086050 [info ] [MainThread]:   job_execution_timeout_seconds: None
[0m08:02:20.086158 [info ] [MainThread]:   timeout_seconds: None
[0m08:02:20.086263 [info ] [MainThread]:   client_id: None
[0m08:02:20.086371 [info ] [MainThread]:   token_uri: None
[0m08:02:20.086488 [info ] [MainThread]:   dataproc_region: None
[0m08:02:20.086590 [info ] [MainThread]:   dataproc_cluster_name: None
[0m08:02:20.086697 [info ] [MainThread]:   gcs_bucket: None
[0m08:02:20.086801 [info ] [MainThread]:   dataproc_batch: None
[0m08:02:20.087124 [info ] [MainThread]: Registered adapter: bigquery=1.8.2
[0m08:02:20.091353 [debug] [MainThread]: Acquiring new bigquery connection 'debug'
[0m08:02:20.091894 [debug] [MainThread]: Opening a new connection, currently in state init
[0m08:02:26.103727 [debug] [MainThread]: BigQuery adapter: Got an error when attempting to create a bigquery client: 'Runtime Error
  Failed to authenticate with supplied credentials
  error:
  Your default credentials were not found. To set up Application Default Credentials, see https://cloud.google.com/docs/authentication/external/set-up-adc for more information.'
[0m08:02:26.105272 [info ] [MainThread]:   Connection test: [[31mERROR[0m]

[0m08:02:26.106218 [info ] [MainThread]: [31m2 checks failed:[0m
[0m08:02:26.106780 [info ] [MainThread]: Project loading failed for the following reason:
 project path </Users/jeremymeadow/DreamsData/GitHub/etl-pipelines/dbt_project.yml> not found

[0m08:02:26.107329 [info ] [MainThread]: dbt was unable to connect to the specified database.
The database returned the following error:

  >Database Error
  Runtime Error
    Failed to authenticate with supplied credentials
    error:
    Your default credentials were not found. To set up Application Default Credentials, see https://cloud.google.com/docs/authentication/external/set-up-adc for more information.

Check your database credentials and try again. For more information, visit:
https://docs.getdbt.com/docs/configure-your-profile


[0m08:02:26.108400 [debug] [MainThread]: Resource report: {"command_name": "debug", "command_wall_clock_time": 6.645545, "process_user_time": 0.866631, "process_kernel_time": 0.145127, "process_mem_max_rss": "212598784", "command_success": false, "process_in_blocks": "0", "process_out_blocks": "0"}
[0m08:02:26.109468 [debug] [MainThread]: Command `dbt debug` failed at 08:02:26.109294 after 6.65 seconds
[0m08:02:26.110137 [debug] [MainThread]: Connection 'debug' was properly closed.
[0m08:02:26.110646 [debug] [MainThread]: Sending event: {'category': 'dbt', 'action': 'invocation', 'label': 'end', 'context': [<snowplow_tracker.self_describing_json.SelfDescribingJson object at 0x10954da10>, <snowplow_tracker.self_describing_json.SelfDescribingJson object at 0x10443a210>, <snowplow_tracker.self_describing_json.SelfDescribingJson object at 0x11d67a850>]}
[0m08:02:26.111323 [debug] [MainThread]: Flushing usage events
[0m08:02:31.395109 [debug] [MainThread]: Error sending anonymous usage statistics. Disabling tracking for this execution. If you wish to permanently disable tracking, see: https://docs.getdbt.com/reference/global-configs#send-anonymous-usage-stats.
[0m11:16:57.958264 [debug] [MainThread]: Sending event: {'category': 'dbt', 'action': 'invocation', 'label': 'start', 'context': [<snowplow_tracker.self_describing_json.SelfDescribingJson object at 0x105747cd0>, <snowplow_tracker.self_describing_json.SelfDescribingJson object at 0x10579df90>, <snowplow_tracker.self_describing_json.SelfDescribingJson object at 0x10579ea50>]}


============================== 11:16:57.960895 | 6d92370c-2131-4654-810a-bcfd687d1852 ==============================
[0m11:16:57.960895 [info ] [MainThread]: Running with dbt=1.8.6
[0m11:16:57.961164 [debug] [MainThread]: running dbt with arguments {'printer_width': '80', 'indirect_selection': 'eager', 'write_json': 'True', 'log_cache_events': 'False', 'partial_parse': 'True', 'cache_selected_only': 'False', 'warn_error': 'None', 'fail_fast': 'False', 'profiles_dir': '/Users/jeremymeadow/.dbt', 'log_path': 'logs', 'version_check': 'True', 'debug': 'False', 'use_colors': 'True', 'use_experimental_parser': 'False', 'no_print': 'None', 'quiet': 'False', 'empty': 'None', 'warn_error_options': 'WarnErrorOptions(include=[], exclude=[])', 'introspect': 'True', 'static_parser': 'True', 'invocation_command': 'dbt test', 'target_path': 'None', 'log_format': 'default', 'send_anonymous_usage_stats': 'True'}
[0m11:16:57.961440 [error] [MainThread]: Encountered an error:
Runtime Error
  No dbt_project.yml found at expected path /Users/jeremymeadow/DreamsData/GitHub/etl-pipelines/dbt_project.yml
  Verify that each entry within packages.yml (and their transitive dependencies) contains a file named dbt_project.yml
  
[0m11:16:57.962494 [debug] [MainThread]: Resource report: {"command_name": "test", "command_wall_clock_time": 0.038889293, "process_user_time": 0.494129, "process_kernel_time": 0.087841, "process_mem_max_rss": "94748672", "command_success": false, "process_in_blocks": "0", "process_out_blocks": "0"}
[0m11:16:57.962771 [debug] [MainThread]: Command `dbt test` failed at 11:16:57.962724 after 0.04 seconds
[0m11:16:57.962935 [debug] [MainThread]: Sending event: {'category': 'dbt', 'action': 'invocation', 'label': 'end', 'context': [<snowplow_tracker.self_describing_json.SelfDescribingJson object at 0x100c22210>, <snowplow_tracker.self_describing_json.SelfDescribingJson object at 0x10579e790>, <snowplow_tracker.self_describing_json.SelfDescribingJson object at 0x100d2dd90>]}
[0m11:16:57.963087 [debug] [MainThread]: Flushing usage events
